<?xml version="1.0" encoding="UTF-8"?>
<testsuite xmlns:xsi="http://www.w3.org/2001/XMLSchema-instance" xsi:noNamespaceSchemaLocation="https://maven.apache.org/surefire/maven-surefire-plugin/xsd/surefire-test-report-3.0.xsd" version="3.0" name="com.todoapp.service.TaskServiceTest" time="2.327" tests="8" errors="0" skipped="0" failures="0">
  <properties>
[...]
</properties>
  <testcase name="testGetAllTasks" classname="com.todoapp.service.TaskServiceTest" time="2.164"/>
  <testcase name="testGetCompletedTasks" classname="com.todoapp.service.TaskServiceTest" time="0.013"/>
  <testcase name="testUpdateTask" classname="com.todoapp.service.TaskServiceTest" time="0.058">
    <system-out><![CDATA[12:39:44.908 [main] INFO  com.todoapp.service.TaskService - Updating task with id: 5c20e1fb-0764-49bd-83e6-d3b1f31c99ec
]]></system-out>
  </testcase>
  <testcase name="testCreateTask" classname="com.todoapp.service.TaskServiceTest" time="0.015">
    <system-out><![CDATA[12:39:44.940 [main] INFO  com.todoapp.service.TaskService - Creating new task: New Task
]]></system-out>
  </testcase>
  <testcase name="testDeleteTask" classname="com.todoapp.service.TaskServiceTest" time="0.009">
    <system-out><![CDATA[12:39:44.960 [main] INFO  com.todoapp.service.TaskService - Deleting task with id: 420eb049-cf0f-4cac-a6de-b81143f09411
]]></system-out>
  </testcase>
  <testcase name="testDeleteTaskNotFound" classname="com.todoapp.service.TaskServiceTest" time="0.005">
    <system-out><![CDATA[12:39:44.967 [main] INFO  com.todoapp.service.TaskService - Deleting task with id: non-existent-id
12:39:44.969 [main] WARN  com.todoapp.service.TaskService - Task not found with id: non-existent-id
]]></system-out>
  </testcase>
  <testcase name="testUpdateTaskNotFound" classname="com.todoapp.service.TaskServiceTest" time="0.012">
    <system-out><![CDATA[12:39:44.974 [main] INFO  com.todoapp.service.TaskService - Updating task with id: non-existent-id
12:39:44.975 [main] WARN  com.todoapp.service.TaskService - Task not found with id: non-existent-id
]]></system-out>
  </testcase>
  <testcase name="testGetPendingTasks" classname="com.todoapp.service.TaskServiceTest" time="0.004"/>
</testsuite>